GET /
GET /favicon.ico
GET /
GET /img1.jpg
GET /css/indx.css
GET /
GET /
GET /css/indx.css
GET /img1.jpg
GET /
GET /css/indx.css
GET /img1.jpg
GET /
GET /.img1.jpg
GET /css/indx.css
GET /
GET /css/indx.css
GET /.img1.jpg
GET /
GET /css/indx.css
GET /img1.jpg
GET /
GET /css/indx.css
GET /img1.jpg
GET /
GET /css/indx.css
GET /img1.jpg
GET /
GET /css/indx.css
GET /img1.jpg
GET /
GET /img1.jpg
GET /
GET /img1.jpg
GET /
GET /css/indx.css
GET /img1.jpg
GET /
GET /css/indx.css
GET /img1.jpg
GET /Rooms
GET /room1.jpg
GET /css/indx.css
GET /Rooms
GET /css/indx.css
GET /room1.jpg
GET /Rooms
GET /css/indx.css
GET /room1.jpg
GET /Rooms
GET /css/indx.css
GET /room1.jpg
GET /Rooms
GET /css/indx.css
GET /room1.jpg
GET /Rooms
GET /css/indx.css
GET /room1.jpg
GET /room2.jpg
GET /Rooms
GET /css/indx.css
GET /room1.jpg
GET /room2.jpg
GET /Rooms
GET /css/indx.css
GET /room1.jpg
GET /room2.jpg
GET /contact
GET /css/indx.css
GET /
GET /css/indx.css
GET /img1.jpg
GET /Rooms
GET /css/indx.css
GET /room1.jpg
GET /room2.jpg
GET /home
GET /Rooms
GET /css/indx.css
GET /room1.jpg
GET /room2.jpg
GET /home
GET /home
GET /contact
GET /css/indx.css
GET /Rooms
GET /css/indx.css
GET /room1.jpg
GET /room2.jpg
GET /home
GET /
GET /css/indx.css
GET /img1.jpg
GET /
GET /css/indx.css
GET /img1.jpg
GET /Rooms
GET /css/indx.css
GET /room1.jpg
GET /room2.jpg
GET /
GET /img1.jpeg
GET /css/indx.css
GET /
GET /css/indx.css
GET /img1.jpeg
GET /
GET /views/img1.jpg
GET /css/indx.css
GET /
GET /css/indx.css
GET /views/img1.jpg
GET /
GET /css/indx.css
GET /img1.jpg
GET /
GET /css/indx.css
GET /img1.jpg
GET /
GET /css/indx.css
GET /img1.jpg
GET /
GET /css/indx.css
GET /img1.jpg
GET /
GET /css/indx.css
GET /img1.jpg
GET /
GET /css/indx.css
GET /img1.jpg
GET /
GET /img1.jpg
GET /
GET /img1.jpg
GET /Rooms
GET /css/indx.css
GET /room1.jpg
GET /room2.jpg
GET /contact
GET /css/indx.css
